\BOOKMARK [0][-]{chapter.1}{Analysis}{}% 1
\BOOKMARK [1][-]{section.1.1}{Introduction}{chapter.1}% 2
\BOOKMARK [2][-]{subsection.1.1.1}{Client Identification}{section.1.1}% 3
\BOOKMARK [2][-]{subsection.1.1.2}{Define the current system}{section.1.1}% 4
\BOOKMARK [2][-]{subsection.1.1.3}{Describe the problems}{section.1.1}% 5
\BOOKMARK [2][-]{subsection.1.1.4}{Section appendix}{section.1.1}% 6
\BOOKMARK [2][-]{subsection.1.1.5}{The current system}{section.1.1}% 7
\BOOKMARK [2][-]{subsection.1.1.6}{The proposed system}{section.1.1}% 8
\BOOKMARK [1][-]{section.1.2}{Objectives}{chapter.1}% 9
\BOOKMARK [2][-]{subsection.1.2.1}{General Objectives}{section.1.2}% 10
\BOOKMARK [2][-]{subsection.1.2.2}{Specific Objectives}{section.1.2}% 11
\BOOKMARK [2][-]{subsection.1.2.3}{Core Objectives}{section.1.2}% 12
\BOOKMARK [2][-]{subsection.1.2.4}{Other Objectives}{section.1.2}% 13
\BOOKMARK [1][-]{section.1.3}{ER Diagrams and Descriptions}{chapter.1}% 14
\BOOKMARK [2][-]{subsection.1.3.1}{ER Diagram}{section.1.3}% 15
\BOOKMARK [2][-]{subsection.1.3.2}{Entity Descriptions}{section.1.3}% 16
\BOOKMARK [1][-]{section.1.4}{Object Analysis}{chapter.1}% 17
\BOOKMARK [2][-]{subsection.1.4.1}{Object Listing}{section.1.4}% 18
\BOOKMARK [2][-]{subsection.1.4.2}{Relationship diagrams}{section.1.4}% 19
\BOOKMARK [2][-]{subsection.1.4.3}{Class definitions}{section.1.4}% 20
\BOOKMARK [1][-]{section.1.5}{Other Abstractions and Graphs}{chapter.1}% 21
\BOOKMARK [1][-]{section.1.6}{Constraints}{chapter.1}% 22
\BOOKMARK [2][-]{subsection.1.6.1}{Hardware}{section.1.6}% 23
\BOOKMARK [2][-]{subsection.1.6.2}{Software}{section.1.6}% 24
\BOOKMARK [2][-]{subsection.1.6.3}{Time}{section.1.6}% 25
\BOOKMARK [2][-]{subsection.1.6.4}{User Knowledge}{section.1.6}% 26
\BOOKMARK [2][-]{subsection.1.6.5}{Access restrictions}{section.1.6}% 27
\BOOKMARK [1][-]{section.1.7}{Limitations}{chapter.1}% 28
\BOOKMARK [2][-]{subsection.1.7.1}{Areas which will not be included in computerisation}{section.1.7}% 29
\BOOKMARK [2][-]{subsection.1.7.2}{Areas considered for future computerisation}{section.1.7}% 30
\BOOKMARK [1][-]{section.1.8}{Solutions}{chapter.1}% 31
\BOOKMARK [2][-]{subsection.1.8.1}{Alternative solutions}{section.1.8}% 32
\BOOKMARK [2][-]{subsection.1.8.2}{Justification of chosen solution}{section.1.8}% 33
\BOOKMARK [0][-]{chapter.2}{Design}{}% 34
\BOOKMARK [1][-]{section.2.1}{Overall System Design}{chapter.2}% 35
\BOOKMARK [2][-]{subsection.2.1.1}{Short description of the main parts of the system}{section.2.1}% 36
\BOOKMARK [2][-]{subsection.2.1.2}{System flowcharts showing an overview of the complete system}{section.2.1}% 37
\BOOKMARK [1][-]{section.2.2}{User Interface Designs}{chapter.2}% 38
\BOOKMARK [1][-]{section.2.3}{Program Structure}{chapter.2}% 39
\BOOKMARK [2][-]{subsection.2.3.1}{Top-down design structure charts}{section.2.3}% 40
\BOOKMARK [2][-]{subsection.2.3.2}{Algorithms in pseudo-code for each data transformation process}{section.2.3}% 41
\BOOKMARK [2][-]{subsection.2.3.3}{Object Diagrams}{section.2.3}% 42
\BOOKMARK [2][-]{subsection.2.3.4}{Class Definitions}{section.2.3}% 43
\BOOKMARK [1][-]{section.2.4}{Prototyping}{chapter.2}% 44
\BOOKMARK [1][-]{section.2.5}{Definition of Data Requirements}{chapter.2}% 45
\BOOKMARK [2][-]{subsection.2.5.1}{Identification of all data input items}{section.2.5}% 46
\BOOKMARK [2][-]{subsection.2.5.2}{Identification of all data output items}{section.2.5}% 47
\BOOKMARK [2][-]{subsection.2.5.3}{Explanation of how data output items are generated}{section.2.5}% 48
\BOOKMARK [2][-]{subsection.2.5.4}{Data Dictionary}{section.2.5}% 49
\BOOKMARK [2][-]{subsection.2.5.5}{Identification of appropriate storage media}{section.2.5}% 50
\BOOKMARK [1][-]{section.2.6}{Database Design}{chapter.2}% 51
\BOOKMARK [2][-]{subsection.2.6.1}{Normalisation}{section.2.6}% 52
