\BOOKMARK [0][-]{chapter.1}{Analysis}{}% 1
\BOOKMARK [1][-]{section.1.1}{Introduction}{chapter.1}% 2
\BOOKMARK [2][-]{subsection.1.1.1}{Client Identification}{section.1.1}% 3
\BOOKMARK [2][-]{subsection.1.1.2}{Define the current system}{section.1.1}% 4
\BOOKMARK [2][-]{subsection.1.1.3}{Describe the problems}{section.1.1}% 5
\BOOKMARK [2][-]{subsection.1.1.4}{Section appendix}{section.1.1}% 6
\BOOKMARK [1][-]{section.1.2}{Investigation}{chapter.1}% 7
\BOOKMARK [2][-]{subsection.1.2.1}{The current system}{section.1.2}% 8
\BOOKMARK [2][-]{subsection.1.2.2}{The proposed system}{section.1.2}% 9
\BOOKMARK [1][-]{section.1.3}{Objectives}{chapter.1}% 10
\BOOKMARK [2][-]{subsection.1.3.1}{General Objectives}{section.1.3}% 11
\BOOKMARK [2][-]{subsection.1.3.2}{Specific Objectives}{section.1.3}% 12
\BOOKMARK [2][-]{subsection.1.3.3}{Core Objectives}{section.1.3}% 13
\BOOKMARK [2][-]{subsection.1.3.4}{Other Objectives}{section.1.3}% 14
\BOOKMARK [1][-]{section.1.4}{ER Diagrams and Descriptions}{chapter.1}% 15
\BOOKMARK [2][-]{subsection.1.4.1}{ER Diagram}{section.1.4}% 16
\BOOKMARK [2][-]{subsection.1.4.2}{Entity Descriptions}{section.1.4}% 17
\BOOKMARK [1][-]{section.1.5}{Object Analysis}{chapter.1}% 18
\BOOKMARK [2][-]{subsection.1.5.1}{Object Listing}{section.1.5}% 19
\BOOKMARK [2][-]{subsection.1.5.2}{Relationship diagrams}{section.1.5}% 20
\BOOKMARK [2][-]{subsection.1.5.3}{Class definitions}{section.1.5}% 21
\BOOKMARK [1][-]{section.1.6}{Other Abstractions and Graphs}{chapter.1}% 22
\BOOKMARK [1][-]{section.1.7}{Constraints}{chapter.1}% 23
\BOOKMARK [2][-]{subsection.1.7.1}{Hardware}{section.1.7}% 24
\BOOKMARK [2][-]{subsection.1.7.2}{Software}{section.1.7}% 25
\BOOKMARK [2][-]{subsection.1.7.3}{Time}{section.1.7}% 26
\BOOKMARK [2][-]{subsection.1.7.4}{User Knowledge}{section.1.7}% 27
\BOOKMARK [2][-]{subsection.1.7.5}{Access restrictions}{section.1.7}% 28
\BOOKMARK [1][-]{section.1.8}{Limitations}{chapter.1}% 29
\BOOKMARK [2][-]{subsection.1.8.1}{Areas which will not be included in computerisation}{section.1.8}% 30
\BOOKMARK [2][-]{subsection.1.8.2}{Areas considered for future computerisation}{section.1.8}% 31
\BOOKMARK [1][-]{section.1.9}{Solutions}{chapter.1}% 32
\BOOKMARK [2][-]{subsection.1.9.1}{Alternative solutions}{section.1.9}% 33
\BOOKMARK [2][-]{subsection.1.9.2}{Justification of chosen solution}{section.1.9}% 34
\BOOKMARK [0][-]{chapter.2}{Design}{}% 35
\BOOKMARK [1][-]{section.2.1}{Overall System Design}{chapter.2}% 36
\BOOKMARK [2][-]{subsection.2.1.1}{Short description of the main parts of the system}{section.2.1}% 37
\BOOKMARK [2][-]{subsection.2.1.2}{System flowcharts showing an overview of the complete system}{section.2.1}% 38
\BOOKMARK [1][-]{section.2.2}{User Interface Designs}{chapter.2}% 39
\BOOKMARK [1][-]{section.2.3}{Program Structure}{chapter.2}% 40
\BOOKMARK [2][-]{subsection.2.3.1}{Top-down design structure charts}{section.2.3}% 41
\BOOKMARK [2][-]{subsection.2.3.2}{Algorithms in pseudo-code for each data transformation process}{section.2.3}% 42
\BOOKMARK [2][-]{subsection.2.3.3}{Object Diagrams}{section.2.3}% 43
\BOOKMARK [2][-]{subsection.2.3.4}{Class Definitions}{section.2.3}% 44
\BOOKMARK [1][-]{section.2.4}{Prototyping}{chapter.2}% 45
\BOOKMARK [1][-]{section.2.5}{Definition of Data Requirements}{chapter.2}% 46
\BOOKMARK [2][-]{subsection.2.5.1}{Identification of all data input items}{section.2.5}% 47
\BOOKMARK [2][-]{subsection.2.5.2}{Identification of all data output items}{section.2.5}% 48
\BOOKMARK [2][-]{subsection.2.5.3}{Explanation of how data output items are generated}{section.2.5}% 49
\BOOKMARK [2][-]{subsection.2.5.4}{Data Dictionary}{section.2.5}% 50
\BOOKMARK [2][-]{subsection.2.5.5}{Identification of appropriate storage media}{section.2.5}% 51
\BOOKMARK [1][-]{section.2.6}{Database Design}{chapter.2}% 52
\BOOKMARK [2][-]{subsection.2.6.1}{Normalisation}{section.2.6}% 53
\BOOKMARK [1][-]{section.2.7}{Security and Integrity of the System and Data}{chapter.2}% 54
\BOOKMARK [2][-]{subsection.2.7.1}{Security and Integrity of Data}{section.2.7}% 55
\BOOKMARK [2][-]{subsection.2.7.2}{System Security}{section.2.7}% 56
\BOOKMARK [1][-]{section.2.8}{Validation}{chapter.2}% 57
\BOOKMARK [1][-]{section.2.9}{Testing}{chapter.2}% 58
\BOOKMARK [2][-]{subsection.2.9.1}{Outline Plan}{section.2.9}% 59
\BOOKMARK [2][-]{subsection.2.9.2}{Detailed Plan}{section.2.9}% 60
\BOOKMARK [0][-]{chapter.3}{Testing}{}% 61
\BOOKMARK [1][-]{section.3.1}{Test Plan}{chapter.3}% 62
\BOOKMARK [2][-]{subsection.3.1.1}{Original Outline Plan}{section.3.1}% 63
\BOOKMARK [2][-]{subsection.3.1.2}{Changes to Outline Plan}{section.3.1}% 64
\BOOKMARK [2][-]{subsection.3.1.3}{Original Detailed Plan}{section.3.1}% 65
\BOOKMARK [2][-]{subsection.3.1.4}{Changes to Detailed Plan}{section.3.1}% 66
\BOOKMARK [1][-]{section.3.2}{Test Data}{chapter.3}% 67
\BOOKMARK [2][-]{subsection.3.2.1}{Original Test Data}{section.3.2}% 68
\BOOKMARK [2][-]{subsection.3.2.2}{Changes to Test Data}{section.3.2}% 69
\BOOKMARK [1][-]{section.3.3}{Annotated Samples}{chapter.3}% 70
\BOOKMARK [2][-]{subsection.3.3.1}{Actual Results}{section.3.3}% 71
\BOOKMARK [2][-]{subsection.3.3.2}{Evidence}{section.3.3}% 72
\BOOKMARK [1][-]{section.3.4}{Evaluation}{chapter.3}% 73
\BOOKMARK [2][-]{subsection.3.4.1}{Approach to Testing}{section.3.4}% 74
\BOOKMARK [2][-]{subsection.3.4.2}{Problems Encountered}{section.3.4}% 75
\BOOKMARK [2][-]{subsection.3.4.3}{Strengths of Testing}{section.3.4}% 76
\BOOKMARK [2][-]{subsection.3.4.4}{Weaknesses of Testing}{section.3.4}% 77
\BOOKMARK [2][-]{subsection.3.4.5}{Reliability of Application}{section.3.4}% 78
\BOOKMARK [2][-]{subsection.3.4.6}{Robustness of Application}{section.3.4}% 79
\BOOKMARK [0][-]{chapter.4}{System Maintenance}{}% 80
\BOOKMARK [1][-]{section.4.1}{Environment}{chapter.4}% 81
\BOOKMARK [2][-]{subsection.4.1.1}{Software}{section.4.1}% 82
\BOOKMARK [2][-]{subsection.4.1.2}{Usage Explanation}{section.4.1}% 83
\BOOKMARK [2][-]{subsection.4.1.3}{Features Used}{section.4.1}% 84
\BOOKMARK [1][-]{section.4.2}{System Overview}{chapter.4}% 85
\BOOKMARK [2][-]{subsection.4.2.1}{System Component}{section.4.2}% 86
\BOOKMARK [1][-]{section.4.3}{Code Structure}{chapter.4}% 87
\BOOKMARK [2][-]{subsection.4.3.1}{Particular Code Section}{section.4.3}% 88
\BOOKMARK [1][-]{section.4.4}{Variable Listing}{chapter.4}% 89
\BOOKMARK [1][-]{section.4.5}{System Evidence}{chapter.4}% 90
\BOOKMARK [2][-]{subsection.4.5.1}{User Interface}{section.4.5}% 91
\BOOKMARK [2][-]{subsection.4.5.2}{ER Diagram}{section.4.5}% 92
\BOOKMARK [2][-]{subsection.4.5.3}{Database Table Views}{section.4.5}% 93
\BOOKMARK [2][-]{subsection.4.5.4}{Database SQL}{section.4.5}% 94
\BOOKMARK [2][-]{subsection.4.5.5}{SQL Queries}{section.4.5}% 95
\BOOKMARK [1][-]{section.4.6}{Testing}{chapter.4}% 96
\BOOKMARK [2][-]{subsection.4.6.1}{Summary of Results}{section.4.6}% 97
\BOOKMARK [2][-]{subsection.4.6.2}{Known Issues}{section.4.6}% 98
\BOOKMARK [1][-]{section.4.7}{Code Explanations}{chapter.4}% 99
\BOOKMARK [2][-]{subsection.4.7.1}{Difficult Sections}{section.4.7}% 100
\BOOKMARK [2][-]{subsection.4.7.2}{Self-created Algorithms}{section.4.7}% 101
\BOOKMARK [1][-]{section.4.8}{Settings}{chapter.4}% 102
\BOOKMARK [1][-]{section.4.9}{Acknowledgements}{chapter.4}% 103
\BOOKMARK [1][-]{section.4.10}{Code Listing}{chapter.4}% 104
\BOOKMARK [2][-]{subsection.4.10.1}{Module 1}{section.4.10}% 105
\BOOKMARK [0][-]{chapter.5}{User Manual}{}% 106
\BOOKMARK [1][-]{section.5.1}{Introduction}{chapter.5}% 107
\BOOKMARK [1][-]{section.5.2}{Installation}{chapter.5}% 108
\BOOKMARK [2][-]{subsection.5.2.1}{Prerequisite Installation}{section.5.2}% 109
\BOOKMARK [2][-]{subsection.5.2.2}{System Installation}{section.5.2}% 110
\BOOKMARK [2][-]{subsection.5.2.3}{Running the System}{section.5.2}% 111
\BOOKMARK [1][-]{section.5.3}{Tutorial}{chapter.5}% 112
\BOOKMARK [2][-]{subsection.5.3.1}{Introduction}{section.5.3}% 113
\BOOKMARK [2][-]{subsection.5.3.2}{Assumptions}{section.5.3}% 114
\BOOKMARK [2][-]{subsection.5.3.3}{Tutorial Questions}{section.5.3}% 115
\BOOKMARK [2][-]{subsection.5.3.4}{Saving}{section.5.3}% 116
\BOOKMARK [2][-]{subsection.5.3.5}{Limitations}{section.5.3}% 117
\BOOKMARK [1][-]{section.5.4}{Error Recovery}{chapter.5}% 118
\BOOKMARK [2][-]{subsection.5.4.1}{Error 1}{section.5.4}% 119
\BOOKMARK [2][-]{subsection.5.4.2}{Error 2}{section.5.4}% 120
\BOOKMARK [1][-]{section.5.5}{System Recovery}{chapter.5}% 121
\BOOKMARK [2][-]{subsection.5.5.1}{Backing-up Data}{section.5.5}% 122
\BOOKMARK [2][-]{subsection.5.5.2}{Restoring Data}{section.5.5}% 123
\BOOKMARK [0][-]{chapter.6}{Evaluation}{}% 124
\BOOKMARK [1][-]{section.6.1}{Customer Requirements}{chapter.6}% 125
\BOOKMARK [2][-]{subsection.6.1.1}{Objective Evaluation}{section.6.1}% 126
\BOOKMARK [1][-]{section.6.2}{Effectiveness}{chapter.6}% 127
\BOOKMARK [2][-]{subsection.6.2.1}{Objective Evaluation}{section.6.2}% 128
\BOOKMARK [1][-]{section.6.3}{Learnability}{chapter.6}% 129
\BOOKMARK [1][-]{section.6.4}{Usability}{chapter.6}% 130
\BOOKMARK [1][-]{section.6.5}{Maintainability}{chapter.6}% 131
\BOOKMARK [1][-]{section.6.6}{Suggestions for Improvement}{chapter.6}% 132
\BOOKMARK [1][-]{section.6.7}{End User Evidence}{chapter.6}% 133
\BOOKMARK [2][-]{subsection.6.7.1}{Questionnaires}{section.6.7}% 134
\BOOKMARK [2][-]{subsection.6.7.2}{Graphs}{section.6.7}% 135
\BOOKMARK [2][-]{subsection.6.7.3}{Written Statements}{section.6.7}% 136
